<?xml version="1.0" encoding="UTF-8"?>
<!-- Generated by org.testng.reporters.JUnitXMLReporter -->
<testsuite hostname="DESKTOP" name="Default test" tests="25" failures="0" timestamp="31 Aug 2018 11:21:29 GMT" time="0.333" errors="0">
  <testcase name="@BeforeClass login" time="0.0" classname="com.issquared.TestCases.ASSETS_Testcase">
    <failure type="java.lang.NullPointerException">
      <![CDATA[java.lang.NullPointerException
	at com.issquared.Common.Driver.getDriver(Driver.java:20)
	at com.issquared.TestCases.ASSETS_Testcase.login(ASSETS_Testcase.java:84)
	at sun.reflect.NativeMethodAccessorImpl.invoke0(Native Method)
	at sun.reflect.NativeMethodAccessorImpl.invoke(Unknown Source)
	at sun.reflect.DelegatingMethodAccessorImpl.invoke(Unknown Source)
	at java.lang.reflect.Method.invoke(Unknown Source)
	at org.testng.internal.MethodInvocationHelper.invokeMethod(MethodInvocationHelper.java:85)
	at org.testng.internal.Invoker.invokeConfigurationMethod(Invoker.java:510)
	at org.testng.internal.Invoker.invokeConfigurations(Invoker.java:211)
	at org.testng.internal.Invoker.invokeConfigurations(Invoker.java:138)
	at org.testng.internal.TestMethodWorker.invokeBeforeClassMethods(TestMethodWorker.java:170)
	at org.testng.internal.TestMethodWorker.run(TestMethodWorker.java:104)
	at org.testng.TestRunner.privateRun(TestRunner.java:774)
	at org.testng.TestRunner.run(TestRunner.java:624)
	at org.testng.SuiteRunner.runTest(SuiteRunner.java:359)
	at org.testng.SuiteRunner.runSequentially(SuiteRunner.java:354)
	at org.testng.SuiteRunner.privateRun(SuiteRunner.java:312)
	at org.testng.SuiteRunner.run(SuiteRunner.java:261)
	at org.testng.SuiteRunnerWorker.runSuite(SuiteRunnerWorker.java:52)
	at org.testng.SuiteRunnerWorker.run(SuiteRunnerWorker.java:86)
	at org.testng.TestNG.runSuitesSequentially(TestNG.java:1215)
	at org.testng.TestNG.runSuitesLocally(TestNG.java:1140)
	at org.testng.TestNG.run(TestNG.java:1048)
	at org.testng.remote.AbstractRemoteTestNG.run(AbstractRemoteTestNG.java:114)
	at org.testng.remote.RemoteTestNG.initAndRun(RemoteTestNG.java:251)
	at org.testng.remote.RemoteTestNG.main(RemoteTestNG.java:77)
]]>
    </failure>
  </testcase> <!-- @BeforeClass login -->
  <testcase name="@AfterTest complete" time="0.0" classname="com.issquared.TestCases.ASSETS_Testcase">
    <skipped/>
  </testcase> <!-- @AfterTest complete -->
  <testcase name="@AfterTest writeexcels" time="0.0" classname="com.issquared.TestCases.ASSETS_Testcase">
    <skipped/>
  </testcase> <!-- @AfterTest writeexcels -->
  <testcase name="testItemClass" time="0.001" classname="com.issquared.TestCases.ASSETS_Testcase">
    <skipped/>
  </testcase> <!-- testItemClass -->
  <testcase name="testItemType" time="0.001" classname="com.issquared.TestCases.ASSETS_Testcase">
    <skipped/>
  </testcase> <!-- testItemType -->
  <testcase name="testItemSubType" time="0.001" classname="com.issquared.TestCases.ASSETS_Testcase">
    <skipped/>
  </testcase> <!-- testItemSubType -->
  <testcase name="testSKUItems" time="0.007" classname="com.issquared.TestCases.ASSETS_Testcase">
    <skipped/>
  </testcase> <!-- testSKUItems -->
  <testcase name="testItemTypesAttributes" time="0.001" classname="com.issquared.TestCases.ASSETS_Testcase">
    <skipped/>
  </testcase> <!-- testItemTypesAttributes -->
  <testcase name="testWarehouse" time="0.003" classname="com.issquared.TestCases.ASSETS_Testcase">
    <skipped/>
  </testcase> <!-- testWarehouse -->
  <testcase name="testAssetpool" time="0.001" classname="com.issquared.TestCases.ASSETS_Testcase">
    <skipped/>
  </testcase> <!-- testAssetpool -->
  <testcase name="testPurchaseOrder" time="0.004" classname="com.issquared.TestCases.ASSETS_Testcase">
    <skipped/>
  </testcase> <!-- testPurchaseOrder -->
  <testcase name="testWorkflow" time="0.005" classname="com.issquared.TestCases.ASSETS_Testcase">
    <skipped/>
  </testcase> <!-- testWorkflow -->
  <testcase name="testRecertification" time="0.001" classname="com.issquared.TestCases.ASSETS_Testcase">
    <skipped/>
  </testcase> <!-- testRecertification -->
  <testcase name="testMaintenanceContract" time="0.001" classname="com.issquared.TestCases.ASSETS_Testcase">
    <skipped/>
  </testcase> <!-- testMaintenanceContract -->
  <testcase name="testInsuranceContract" time="0.001" classname="com.issquared.TestCases.ASSETS_Testcase">
    <skipped/>
  </testcase> <!-- testInsuranceContract -->
  <testcase name="testWarrantyContract" time="0.001" classname="com.issquared.TestCases.ASSETS_Testcase">
    <skipped/>
  </testcase> <!-- testWarrantyContract -->
  <testcase name="testLIFECYCLE_Assign" time="0.001" classname="com.issquared.TestCases.ASSETS_Testcase">
    <skipped/>
  </testcase> <!-- testLIFECYCLE_Assign -->
  <testcase name="testLIFECYCLE_Repair" time="0.002" classname="com.issquared.TestCases.ASSETS_Testcase">
    <skipped/>
  </testcase> <!-- testLIFECYCLE_Repair -->
  <testcase name="testLIFECYCLE_hold" time="0.001" classname="com.issquared.TestCases.ASSETS_Testcase">
    <skipped/>
  </testcase> <!-- testLIFECYCLE_hold -->
  <testcase name="testLIFECYCLE_dispose" time="0.0" classname="com.issquared.TestCases.ASSETS_Testcase">
    <skipped/>
  </testcase> <!-- testLIFECYCLE_dispose -->
  <testcase name="testACTIONS_onboard" time="0.001" classname="com.issquared.TestCases.ASSETS_Testcase">
    <skipped/>
  </testcase> <!-- testACTIONS_onboard -->
  <testcase name="testACTIONS_transfer" time="0.003" classname="com.issquared.TestCases.ASSETS_Testcase">
    <skipped/>
  </testcase> <!-- testACTIONS_transfer -->
  <testcase name="testACTIONS_hold" time="0.001" classname="com.issquared.TestCases.ASSETS_Testcase">
    <skipped/>
  </testcase> <!-- testACTIONS_hold -->
  <testcase name="testACTIONS_repair" time="0.0" classname="com.issquared.TestCases.ASSETS_Testcase">
    <skipped/>
  </testcase> <!-- testACTIONS_repair -->
  <testcase name="testACTIONS_dispose" time="0.0" classname="com.issquared.TestCases.ASSETS_Testcase">
    <skipped/>
  </testcase> <!-- testACTIONS_dispose -->
  <testcase name="testACTIONS_release" time="0.0" classname="com.issquared.TestCases.ASSETS_Testcase">
    <skipped/>
  </testcase> <!-- testACTIONS_release -->
  <testcase name="testRequestedAssets" time="0.003" classname="com.issquared.TestCases.ASSETS_Testcase">
    <skipped/>
  </testcase> <!-- testRequestedAssets -->
  <testcase name="testOnboardRequests" time="0.0" classname="com.issquared.TestCases.ASSETS_Testcase">
    <skipped/>
  </testcase> <!-- testOnboardRequests -->
</testsuite> <!-- Default test -->
