<?xml version="1.0" encoding="UTF-8"?>
<testng-results skipped="0" failed="0" total="1" passed="1">
  <reporter-output>
  </reporter-output>
  <suite name="Suite" duration-ms="74638" started-at="2018-12-26T09:56:45Z" finished-at="2018-12-26T09:58:00Z">
    <groups>
    </groups>
    <test name="Test" duration-ms="74638" started-at="2018-12-26T09:56:45Z" finished-at="2018-12-26T09:58:00Z">
      <class name="com.issquared.TestCases.ASSETS_Testcase">
        <test-method status="PASS" signature="queryParameterization()[pri:0, instance:com.issquared.TestCases.ASSETS_Testcase@7a1ebcd8]" name="queryParameterization" is-config="true" duration-ms="200" started-at="2018-12-26T15:26:45Z" finished-at="2018-12-26T15:26:46Z">
          <reporter-output>
          </reporter-output>
        </test-method> <!-- queryParameterization -->
        <test-method status="PASS" signature="login(org.testng.xml.XmlTest)[pri:0, instance:com.issquared.TestCases.ASSETS_Testcase@7a1ebcd8]" name="login" is-config="true" duration-ms="20750" started-at="2018-12-26T15:26:46Z" finished-at="2018-12-26T15:27:06Z">
          <params>
            <param index="0">
              <value>
                <![CDATA[[Test: "Test" verbose:1[parameters:browser=>chromeurl=>file:///D:/Firefox%20Downloads/test-assets.html][metagroups:] [included: ][excluded: ]  classes:[XmlClass class=com.issquared.TestCases.ASSETS_Testcase]  packages:] ]]>
              </value>
            </param>
          </params>
          <reporter-output>
          </reporter-output>
        </test-method> <!-- login -->
        <test-method status="PASS" signature="testCustomers()[pri:0, instance:com.issquared.TestCases.ASSETS_Testcase@7a1ebcd8]" name="testCustomers" duration-ms="53222" started-at="2018-12-26T15:27:06Z" finished-at="2018-12-26T15:27:59Z">
          <reporter-output>
          </reporter-output>
        </test-method> <!-- testCustomers -->
        <test-method status="PASS" signature="complete()[pri:0, instance:com.issquared.TestCases.ASSETS_Testcase@7a1ebcd8]" name="complete" is-config="true" duration-ms="326" started-at="2018-12-26T15:27:59Z" finished-at="2018-12-26T15:28:00Z">
          <reporter-output>
          </reporter-output>
        </test-method> <!-- complete -->
        <test-method status="PASS" signature="writeexcels()[pri:0, instance:com.issquared.TestCases.ASSETS_Testcase@7a1ebcd8]" name="writeexcels" is-config="true" duration-ms="117" started-at="2018-12-26T15:28:00Z" depends-on-methods="com.issquared.TestCases.ASSETS_Testcase.complete" finished-at="2018-12-26T15:28:00Z">
          <reporter-output>
          </reporter-output>
        </test-method> <!-- writeexcels -->
      </class> <!-- com.issquared.TestCases.ASSETS_Testcase -->
    </test> <!-- Test -->
  </suite> <!-- Suite -->
</testng-results>
